<?xml version="1.0" encoding="UTF-8"?>
<!-- Generated by org.testng.reporters.JUnitReportReporter -->
<testsuite hostname="SP02-LPT-0001" name="com.example.grid.FirstTest" tests="9" failures="0" timestamp="7 Aug 2018 05:51:38 GMT" time="139.205" errors="0">
  <testcase name="GOOGLE3" time="32.450" classname="com.example.grid.FirstTest"/>
  <testcase name="GOOGLE2" time="10.907" classname="com.example.grid.FirstTest"/>
  <testcase name="GOOGLE1" time="22.687" classname="com.example.grid.FirstTest"/>
  <testcase name="GOOGLE2" time="10.991" classname="com.example.grid.FirstTest"/>
  <testcase name="GOOGLE2" time="16.869" classname="com.example.grid.FirstTest"/>
  <testcase name="GOOGLE3" time="18.938" classname="com.example.grid.FirstTest"/>
  <testcase name="GOOGLE1" time="7.030" classname="com.example.grid.FirstTest"/>
  <testcase name="GOOGLE3" time="12.284" classname="com.example.grid.FirstTest"/>
  <testcase name="GOOGLE1" time="7.049" classname="com.example.grid.FirstTest"/>
</testsuite> <!-- com.example.grid.FirstTest -->
