<?xml version="1.0" encoding="UTF-8"?>
<!-- Generated by org.testng.reporters.JUnitReportReporter -->
<testsuite hostname="SP02-LPT-0001" name="com.example.grid.FirstTest" tests="9" failures="0" timestamp="8 Aug 2018 07:11:30 GMT" time="170.595" errors="0">
  <testcase name="GOOGLE3" time="13.837" classname="com.example.grid.FirstTest"/>
  <testcase name="GOOGLE2" time="32.322" classname="com.example.grid.FirstTest"/>
  <testcase name="GOOGLE1" time="37.078" classname="com.example.grid.FirstTest"/>
  <testcase name="GOOGLE1" time="9.170" classname="com.example.grid.FirstTest"/>
  <testcase name="GOOGLE1" time="19.884" classname="com.example.grid.FirstTest"/>
  <testcase name="GOOGLE2" time="6.621" classname="com.example.grid.FirstTest"/>
  <testcase name="GOOGLE3" time="18.284" classname="com.example.grid.FirstTest"/>
  <testcase name="GOOGLE3" time="19.683" classname="com.example.grid.FirstTest"/>
  <testcase name="GOOGLE2" time="13.716" classname="com.example.grid.FirstTest"/>
</testsuite> <!-- com.example.grid.FirstTest -->
