<?xml version="1.0" encoding="UTF-8"?>
<!-- Generated by org.testng.reporters.JUnitReportReporter -->
<testsuite hostname="SP02-LPT-0001" name="qaeg.QAT2" tests="1" failures="0" timestamp="7 May 2018 10:34:04 GMT" time="0.016" errors="0">
  <testcase name="test" time="0.016" classname="qaeg.QAT2"/>
</testsuite> <!-- qaeg.QAT2 -->
