<?xml version="1.0" encoding="UTF-8"?>
<!-- Generated by org.testng.reporters.JUnitReportReporter -->
<testsuite hostname="SP02-LPT-0001" name="com.example.grid.DBCon" tests="1" failures="0" timestamp="3 Aug 2018 11:30:05 GMT" time="5.544" errors="0">
  <testcase name="f" time="5.544" classname="com.example.grid.DBCon"/>
</testsuite> <!-- com.example.grid.DBCon -->
