<?xml version="1.0" encoding="UTF-8"?>
<!-- Generated by org.testng.reporters.JUnitReportReporter -->
<testsuite hostname="SP02-LPT-0001" name="com.example.grid.OppLogin" tests="1" failures="0" timestamp="3 Aug 2018 10:08:27 GMT" time="65.886" errors="0">
  <testcase name="editLocation" time="65.886" classname="com.example.grid.OppLogin"/>
</testsuite> <!-- com.example.grid.OppLogin -->
