<?xml version="1.0" encoding="UTF-8"?>
<!-- Generated by org.testng.reporters.JUnitReportReporter -->
<testsuite hostname="SP02-LPT-0001" name="com.example.grid.SecondTest" tests="2" failures="0" timestamp="3 Aug 2018 04:29:21 GMT" time="34.791" errors="0">
  <testcase name="GOOGLE4" time="9.949" classname="com.example.grid.SecondTest"/>
  <testcase name="YANDEX" time="24.842" classname="com.example.grid.SecondTest"/>
</testsuite> <!-- com.example.grid.SecondTest -->
