<?xml version="1.0" encoding="UTF-8"?>
<!-- Generated by org.testng.reporters.JUnitReportReporter -->
<testsuite hostname="SP02-LPT-0001" name="com.example.grid.FirstTest" tests="9" failures="0" timestamp="3 Aug 2018 11:09:45 GMT" time="199.278" errors="0">
  <testcase name="GOOGLE2" time="28.820" classname="com.example.grid.FirstTest"/>
  <testcase name="GOOGLE2" time="20.344" classname="com.example.grid.FirstTest"/>
  <testcase name="GOOGLE3" time="17.685" classname="com.example.grid.FirstTest"/>
  <testcase name="GOOGLE1" time="17.490" classname="com.example.grid.FirstTest"/>
  <testcase name="GOOGLE3" time="8.416" classname="com.example.grid.FirstTest"/>
  <testcase name="GOOGLE1" time="11.402" classname="com.example.grid.FirstTest"/>
  <testcase name="GOOGLE1" time="42.782" classname="com.example.grid.FirstTest"/>
  <testcase name="GOOGLE3" time="24.898" classname="com.example.grid.FirstTest"/>
  <testcase name="GOOGLE2" time="27.441" classname="com.example.grid.FirstTest"/>
</testsuite> <!-- com.example.grid.FirstTest -->
